<?xml version="1.0" encoding="UTF-8"?>
<!-- Generated by org.testng.reporters.JUnitXMLReporter -->
<testsuite hostname="Mac-mini-Belikova.local" ignored="0" tests="1" failures="1" timestamp="2022-07-05T18:25:54 MSK" time="11.086" errors="0">
  <testcase name="testAppIsOpen" time="10.744" classname="AppIsOpenTest">
    <failure type="java.lang.IllegalArgumentException" message="Can not set io.appium.java_client.MobileElement field StartPage.nextButton to org.openqa.selenium.remote.RemoteWebElement$$EnhancerByCGLIB$$d27c0df4">
      <![CDATA[java.lang.IllegalArgumentException: Can not set io.appium.java_client.MobileElement field StartPage.nextButton to org.openqa.selenium.remote.RemoteWebElement$$EnhancerByCGLIB$$d27c0df4
at org.openqa.selenium.support.PageFactory.proxyFields(PageFactory.java:117)
at org.openqa.selenium.support.PageFactory.initElements(PageFactory.java:105)
at StartPage.<init>(StartPage.java:12)
at AppIsOpenTest.testAppIsOpen(AppIsOpenTest.java:11)
at java.util.ArrayList.forEach(ArrayList.java:1259)
... Removed 36 stack frames]]>
    </failure>
  </testcase> <!-- testAppIsOpen -->
</testsuite>
