-------------------------------------------------------------------------------
Test set: TestSuite
-------------------------------------------------------------------------------
Tests run: 1, Failures: 1, Errors: 0, Skipped: 0, Time elapsed: 22.757 s <<< FAILURE! - in TestSuite
testAppIsOpen(AppIsOpenTest)  Time elapsed: 10.764 s  <<< FAILURE!
java.lang.IllegalArgumentException: Can not set io.appium.java_client.MobileElement field StartPage.nextButton to org.openqa.selenium.remote.RemoteWebElement$$EnhancerByCGLIB$$d27c0df4
	at AppIsOpenTest.testAppIsOpen(AppIsOpenTest.java:11)

